mode: set
government-subsidy-system/backend/service/auth_service.go:38.125,40.2 1 1
government-subsidy-system/backend/service/auth_service.go:42.66,43.31 1 1
government-subsidy-system/backend/service/auth_service.go:43.31,45.3 1 1
government-subsidy-system/backend/service/auth_service.go:46.2,46.24 1 1
government-subsidy-system/backend/service/auth_service.go:46.24,48.3 1 0
government-subsidy-system/backend/service/auth_service.go:49.2,49.21 1 1
government-subsidy-system/backend/service/auth_service.go:49.21,51.3 1 1
government-subsidy-system/backend/service/auth_service.go:52.2,58.35 2 1
government-subsidy-system/backend/service/auth_service.go:61.85,63.16 2 1
government-subsidy-system/backend/service/auth_service.go:63.16,65.3 1 1
government-subsidy-system/backend/service/auth_service.go:66.2,66.53 1 1
government-subsidy-system/backend/service/auth_service.go:66.53,68.3 1 1
government-subsidy-system/backend/service/auth_service.go:69.2,70.16 2 1
government-subsidy-system/backend/service/auth_service.go:70.16,72.3 1 0
government-subsidy-system/backend/service/auth_service.go:73.2,74.66 2 1
government-subsidy-system/backend/service/auth_service.go:77.50,79.9 2 1
government-subsidy-system/backend/service/auth_service.go:79.9,81.3 1 1
government-subsidy-system/backend/service/auth_service.go:82.2,83.12 2 1
government-subsidy-system/backend/service/auth_service.go:86.116,88.46 1 1
government-subsidy-system/backend/service/auth_service.go:88.46,90.17 2 1
government-subsidy-system/backend/service/auth_service.go:90.17,92.4 1 1
government-subsidy-system/backend/service/auth_service.go:93.3,93.68 1 1
government-subsidy-system/backend/service/auth_service.go:97.2,97.27 1 1
government-subsidy-system/backend/service/auth_service.go:97.27,99.3 1 1
government-subsidy-system/backend/service/auth_service.go:100.2,106.8 1 1
government-subsidy-system/backend/service/auth_service.go:109.70,110.71 1 1
government-subsidy-system/backend/service/auth_service.go:110.71,112.3 1 1
government-subsidy-system/backend/service/auth_service.go:113.2,113.82 1 1
government-subsidy-system/backend/service/auth_service.go:113.82,115.3 1 0
government-subsidy-system/backend/service/auth_service.go:116.2,116.77 1 1
government-subsidy-system/backend/service/auth_service.go:120.75,122.21 2 1
government-subsidy-system/backend/service/auth_service.go:122.21,124.3 1 1
government-subsidy-system/backend/service/auth_service.go:125.2,129.56 5 1
government-subsidy-system/backend/service/auth_service.go:129.56,131.3 1 1
government-subsidy-system/backend/service/auth_service.go:132.2,133.16 2 1
government-subsidy-system/backend/service/auth_service.go:133.16,135.3 1 0
government-subsidy-system/backend/service/auth_service.go:136.2,137.53 2 1
government-subsidy-system/backend/service/auth_service.go:137.53,139.3 1 0
government-subsidy-system/backend/service/auth_service.go:140.2,140.37 1 1
government-subsidy-system/backend/service/auth_service.go:140.37,142.3 1 0
government-subsidy-system/backend/service/auth_service.go:143.2,143.39 1 1
government-subsidy-system/backend/service/auth_service.go:158.58,160.16 2 1
government-subsidy-system/backend/service/auth_service.go:160.16,162.3 1 0
government-subsidy-system/backend/service/auth_service.go:163.2,169.16 2 1
government-subsidy-system/backend/service/auth_service.go:169.16,171.3 1 0
government-subsidy-system/backend/service/auth_service.go:172.2,178.34 7 1
government-subsidy-system/backend/service/auth_service.go:181.43,184.2 2 1
government-subsidy-system/backend/service/auth_service.go:186.24,190.2 3 1
government-subsidy-system/backend/service/benefit_service.go:26.19,32.2 1 1
government-subsidy-system/backend/service/benefit_service.go:35.121,36.26 1 1
government-subsidy-system/backend/service/benefit_service.go:36.26,38.3 1 1
government-subsidy-system/backend/service/benefit_service.go:39.2,39.25 1 1
government-subsidy-system/backend/service/benefit_service.go:39.25,41.3 1 1
government-subsidy-system/backend/service/benefit_service.go:44.2,45.9 2 1
government-subsidy-system/backend/service/benefit_service.go:45.9,47.3 1 1
government-subsidy-system/backend/service/benefit_service.go:50.2,57.16 3 1
government-subsidy-system/backend/service/benefit_service.go:57.16,59.3 1 0
government-subsidy-system/backend/service/benefit_service.go:62.2,62.12 1 1
government-subsidy-system/backend/service/benefit_service.go:62.12,64.3 1 1
government-subsidy-system/backend/service/benefit_service.go:67.2,75.8 1 1
government-subsidy-system/backend/service/benefit_service.go:79.108,80.19 1 1
government-subsidy-system/backend/service/benefit_service.go:80.19,82.3 1 1
government-subsidy-system/backend/service/benefit_service.go:84.2,85.16 2 1
government-subsidy-system/backend/service/benefit_service.go:85.16,87.3 1 1
government-subsidy-system/backend/service/benefit_service.go:90.2,91.31 2 1
government-subsidy-system/backend/service/benefit_service.go:91.31,96.3 3 1
government-subsidy-system/backend/service/benefit_service.go:99.2,100.8 2 1
government-subsidy-system/backend/service/benefit_service.go:100.8,102.3 1 1
government-subsidy-system/backend/service/benefit_service.go:104.2,113.8 1 1
government-subsidy-system/backend/service/benefit_service.go:117.114,118.22 1 1
government-subsidy-system/backend/service/benefit_service.go:118.22,120.3 1 1
government-subsidy-system/backend/service/benefit_service.go:122.2,123.16 2 1
government-subsidy-system/backend/service/benefit_service.go:123.16,125.3 1 0
government-subsidy-system/backend/service/benefit_service.go:127.2,128.31 2 1
government-subsidy-system/backend/service/benefit_service.go:128.31,131.32 2 1
government-subsidy-system/backend/service/benefit_service.go:131.32,134.4 2 1
government-subsidy-system/backend/service/benefit_service.go:137.3,138.10 2 1
government-subsidy-system/backend/service/benefit_service.go:138.10,140.4 1 0
government-subsidy-system/backend/service/benefit_service.go:142.3,151.5 1 1
government-subsidy-system/backend/service/benefit_service.go:154.2,154.23 1 1
government-subsidy-system/backend/service/benefit_service.go:158.85,163.32 3 1
government-subsidy-system/backend/service/benefit_service.go:163.32,164.15 1 1
government-subsidy-system/backend/service/benefit_service.go:164.15,166.4 1 1
government-subsidy-system/backend/service/benefit_service.go:169.2,169.23 1 1
government-subsidy-system/backend/service/dashboard_service.go:25.154,27.2 1 1
government-subsidy-system/backend/service/dashboard_service.go:29.68,32.29 3 1
government-subsidy-system/backend/service/dashboard_service.go:32.29,33.15 1 1
government-subsidy-system/backend/service/dashboard_service.go:33.15,35.4 1 1
government-subsidy-system/backend/service/dashboard_service.go:38.2,50.3 4 1
government-subsidy-system/backend/service/dashboard_service.go:53.89,54.16 1 1
government-subsidy-system/backend/service/dashboard_service.go:54.16,56.3 1 1
government-subsidy-system/backend/service/dashboard_service.go:57.2,57.27 1 1
government-subsidy-system/backend/service/dashboard_service.go:57.27,59.3 1 1
government-subsidy-system/backend/service/dashboard_service.go:60.2,60.37 1 1
government-subsidy-system/backend/service/gemini_ocr.go:59.101,60.20 1 1
government-subsidy-system/backend/service/gemini_ocr.go:60.20,62.3 1 0
government-subsidy-system/backend/service/gemini_ocr.go:64.2,77.16 3 1
government-subsidy-system/backend/service/gemini_ocr.go:77.16,79.3 1 0
government-subsidy-system/backend/service/gemini_ocr.go:81.2,83.16 3 1
government-subsidy-system/backend/service/gemini_ocr.go:83.16,85.3 1 0
government-subsidy-system/backend/service/gemini_ocr.go:86.2,89.16 3 1
government-subsidy-system/backend/service/gemini_ocr.go:89.16,91.3 1 0
government-subsidy-system/backend/service/gemini_ocr.go:93.2,94.63 2 1
government-subsidy-system/backend/service/gemini_ocr.go:94.63,96.3 1 0
government-subsidy-system/backend/service/gemini_ocr.go:98.2,98.29 1 1
government-subsidy-system/backend/service/gemini_ocr.go:98.29,100.3 1 1
government-subsidy-system/backend/service/gemini_ocr.go:102.2,102.89 1 1
government-subsidy-system/backend/service/gemini_ocr.go:102.89,104.3 1 0
government-subsidy-system/backend/service/gemini_ocr.go:106.2,116.65 4 1
government-subsidy-system/backend/service/gemini_ocr.go:116.65,118.3 1 0
government-subsidy-system/backend/service/gemini_ocr.go:120.2,126.8 1 1
government-subsidy-system/backend/service/gemini_ocr.go:130.43,133.50 3 1
government-subsidy-system/backend/service/gemini_ocr.go:133.50,135.3 1 1
government-subsidy-system/backend/service/gemini_ocr.go:136.2,138.31 3 1
government-subsidy-system/backend/service/gemini_ocr.go:138.31,140.3 1 1
government-subsidy-system/backend/service/gemini_ocr.go:141.2,141.13 1 1
government-subsidy-system/backend/service/officer_service.go:34.132,36.2 1 1
government-subsidy-system/backend/service/officer_service.go:38.81,40.2 1 1
government-subsidy-system/backend/service/officer_service.go:42.105,43.19 1 1
government-subsidy-system/backend/service/officer_service.go:43.19,45.3 1 1
government-subsidy-system/backend/service/officer_service.go:47.2,48.9 2 1
government-subsidy-system/backend/service/officer_service.go:48.9,50.3 1 1
government-subsidy-system/backend/service/officer_service.go:52.2,55.16 3 1
government-subsidy-system/backend/service/officer_service.go:55.16,58.3 2 1
government-subsidy-system/backend/service/officer_service.go:59.2,59.26 1 1
government-subsidy-system/backend/service/officer_service.go:59.26,61.3 1 1
government-subsidy-system/backend/service/officer_service.go:63.2,64.20 2 1
government-subsidy-system/backend/service/officer_service.go:67.135,69.2 1 1
government-subsidy-system/backend/service/officer_service.go:71.134,73.2 1 1
government-subsidy-system/backend/service/officer_service.go:75.189,76.19 1 1
government-subsidy-system/backend/service/officer_service.go:76.19,78.3 1 1
government-subsidy-system/backend/service/officer_service.go:79.2,79.27 1 1
government-subsidy-system/backend/service/officer_service.go:79.27,81.3 1 1
government-subsidy-system/backend/service/officer_service.go:82.2,82.42 1 1
government-subsidy-system/backend/service/officer_service.go:82.42,84.3 1 1
government-subsidy-system/backend/service/officer_service.go:86.2,87.9 2 1
government-subsidy-system/backend/service/officer_service.go:87.9,89.3 1 1
government-subsidy-system/backend/service/officer_service.go:90.2,90.49 1 1
government-subsidy-system/backend/service/officer_service.go:90.49,92.3 1 1
government-subsidy-system/backend/service/officer_service.go:94.2,102.16 4 1
government-subsidy-system/backend/service/officer_service.go:102.16,104.3 1 0
government-subsidy-system/backend/service/officer_service.go:106.2,107.44 2 1
government-subsidy-system/backend/service/officer_service.go:107.44,109.3 1 1
government-subsidy-system/backend/service/officer_service.go:110.2,115.22 1 1
government-subsidy-system/backend/service/officer_service.go:115.22,117.3 1 0
government-subsidy-system/backend/service/officer_service.go:119.2,119.21 1 1
government-subsidy-system/backend/service/orchestrator_service.go:34.130,36.2 1 1
government-subsidy-system/backend/service/orchestrator_service.go:38.126,39.47 1 1
government-subsidy-system/backend/service/orchestrator_service.go:39.47,41.3 1 0
government-subsidy-system/backend/service/orchestrator_service.go:43.2,56.12 6 1
government-subsidy-system/backend/service/orchestrator_service.go:56.12,61.17 5 1
government-subsidy-system/backend/service/orchestrator_service.go:61.17,64.4 2 0
government-subsidy-system/backend/service/orchestrator_service.go:65.3,65.24 1 1
government-subsidy-system/backend/service/orchestrator_service.go:68.2,68.12 1 1
government-subsidy-system/backend/service/orchestrator_service.go:68.12,73.17 5 1
government-subsidy-system/backend/service/orchestrator_service.go:73.17,76.4 2 0
government-subsidy-system/backend/service/orchestrator_service.go:77.3,77.23 1 1
government-subsidy-system/backend/service/orchestrator_service.go:80.2,80.12 1 1
government-subsidy-system/backend/service/orchestrator_service.go:80.12,85.17 5 1
government-subsidy-system/backend/service/orchestrator_service.go:85.17,88.4 2 0
government-subsidy-system/backend/service/orchestrator_service.go:89.3,89.23 1 1
government-subsidy-system/backend/service/orchestrator_service.go:92.2,98.22 5 1
government-subsidy-system/backend/service/orchestrator_service.go:101.120,102.23 1 1
government-subsidy-system/backend/service/orchestrator_service.go:102.23,104.3 1 1
government-subsidy-system/backend/service/orchestrator_service.go:106.2,107.9 2 1
government-subsidy-system/backend/service/orchestrator_service.go:107.9,109.3 1 1
government-subsidy-system/backend/service/orchestrator_service.go:111.2,111.20 1 1
government-subsidy-system/backend/service/orchestrator_service.go:114.75,116.2 1 1
government-subsidy-system/backend/service/orchestrator_service.go:118.93,120.2 1 1
government-subsidy-system/backend/service/orchestrator_service.go:122.98,129.2 1 1
government-subsidy-system/backend/service/orchestrator_service.go:131.121,135.29 3 1
government-subsidy-system/backend/service/orchestrator_service.go:135.29,137.3 1 1
government-subsidy-system/backend/service/orchestrator_service.go:138.2,138.76 1 1
government-subsidy-system/backend/service/orchestrator_service.go:138.76,141.3 2 1
government-subsidy-system/backend/service/orchestrator_service.go:142.2,142.27 1 1
government-subsidy-system/backend/service/orchestrator_service.go:142.27,145.3 2 1
government-subsidy-system/backend/service/orchestrator_service.go:146.2,146.33 1 1
government-subsidy-system/backend/service/orchestrator_service.go:146.33,149.3 2 1
government-subsidy-system/backend/service/orchestrator_service.go:150.2,150.34 1 1
government-subsidy-system/backend/service/orchestrator_service.go:150.34,153.3 2 1
government-subsidy-system/backend/service/orchestrator_service.go:154.2,154.46 1 1
government-subsidy-system/backend/service/orchestrator_service.go:154.46,157.3 2 1
government-subsidy-system/backend/service/orchestrator_service.go:158.2,158.23 1 1
government-subsidy-system/backend/service/orchestrator_service.go:158.23,160.3 1 1
government-subsidy-system/backend/service/orchestrator_service.go:162.2,167.3 1 1
government-subsidy-system/backend/service/orchestrator_service.go:170.59,171.23 1 1
government-subsidy-system/backend/service/orchestrator_service.go:172.29,173.40 1 1
government-subsidy-system/backend/service/orchestrator_service.go:174.29,175.47 1 1
government-subsidy-system/backend/service/orchestrator_service.go:176.10,177.36 1 1
government-subsidy-system/backend/service/project_service.go:24.75,26.2 1 1
government-subsidy-system/backend/service/project_service.go:28.105,29.22 1 1
government-subsidy-system/backend/service/project_service.go:29.22,31.3 1 1
government-subsidy-system/backend/service/project_service.go:33.2,40.34 2 1
government-subsidy-system/backend/service/project_service.go:40.34,42.3 1 1
government-subsidy-system/backend/service/project_service.go:43.2,43.36 1 1
government-subsidy-system/backend/service/project_service.go:46.69,48.2 1 1
government-subsidy-system/backend/service/project_service.go:50.86,51.14 1 1
government-subsidy-system/backend/service/project_service.go:51.14,53.3 1 1
government-subsidy-system/backend/service/project_service.go:54.2,55.9 2 1
government-subsidy-system/backend/service/project_service.go:55.9,57.3 1 1
government-subsidy-system/backend/service/project_service.go:58.2,58.21 1 0
government-subsidy-system/backend/service/project_service.go:61.117,62.14 1 1
government-subsidy-system/backend/service/project_service.go:62.14,64.3 1 1
government-subsidy-system/backend/service/project_service.go:66.2,67.9 2 1
government-subsidy-system/backend/service/project_service.go:67.9,69.3 1 1
government-subsidy-system/backend/service/project_service.go:71.2,71.23 1 1
government-subsidy-system/backend/service/project_service.go:71.23,72.24 1 1
government-subsidy-system/backend/service/project_service.go:72.24,74.4 1 1
government-subsidy-system/backend/service/project_service.go:75.3,75.30 1 1
government-subsidy-system/backend/service/project_service.go:77.2,77.30 1 1
government-subsidy-system/backend/service/project_service.go:77.30,79.3 1 0
government-subsidy-system/backend/service/project_service.go:80.2,80.25 1 1
government-subsidy-system/backend/service/project_service.go:80.25,82.3 1 1
government-subsidy-system/backend/service/project_service.go:83.2,83.27 1 1
government-subsidy-system/backend/service/project_service.go:83.27,85.3 1 0
government-subsidy-system/backend/service/project_service.go:87.2,87.37 1 1
government-subsidy-system/backend/service/project_service.go:90.71,91.14 1 1
government-subsidy-system/backend/service/project_service.go:91.14,93.3 1 1
government-subsidy-system/backend/service/project_service.go:94.2,94.31 1 1
government-subsidy-system/backend/service/project_service.go:97.28,101.2 3 1
government-subsidy-system/backend/service/provider_service.go:23.78,25.2 1 1
government-subsidy-system/backend/service/provider_service.go:27.111,28.55 1 1
government-subsidy-system/backend/service/provider_service.go:28.55,30.3 1 1
government-subsidy-system/backend/service/provider_service.go:31.2,31.52 1 1
government-subsidy-system/backend/service/provider_service.go:34.113,35.55 1 1
government-subsidy-system/backend/service/provider_service.go:35.55,37.3 1 1
government-subsidy-system/backend/service/provider_service.go:38.2,38.50 1 1
government-subsidy-system/backend/service/provider_service.go:41.103,42.55 1 1
government-subsidy-system/backend/service/provider_service.go:42.55,44.3 1 1
government-subsidy-system/backend/service/provider_service.go:45.2,45.45 1 1
government-subsidy-system/backend/service/provider_service.go:48.115,49.55 1 1
government-subsidy-system/backend/service/provider_service.go:49.55,51.3 1 1
government-subsidy-system/backend/service/provider_service.go:52.2,52.51 1 1
government-subsidy-system/backend/service/provider_service.go:55.119,56.55 1 1
government-subsidy-system/backend/service/provider_service.go:56.55,58.3 1 1
government-subsidy-system/backend/service/provider_service.go:59.2,59.53 1 1
government-subsidy-system/backend/service/provider_service.go:62.117,63.55 1 1
government-subsidy-system/backend/service/provider_service.go:63.55,65.3 1 1
government-subsidy-system/backend/service/provider_service.go:66.2,66.52 1 1
government-subsidy-system/backend/service/provider_service.go:69.101,71.16 2 1
government-subsidy-system/backend/service/provider_service.go:71.16,73.3 1 0
government-subsidy-system/backend/service/provider_service.go:74.2,79.8 1 1
government-subsidy-system/backend/service/provider_service.go:82.100,84.16 2 1
government-subsidy-system/backend/service/provider_service.go:84.16,86.3 1 0
government-subsidy-system/backend/service/provider_service.go:87.2,88.16 2 1
government-subsidy-system/backend/service/provider_service.go:88.16,90.3 1 0
government-subsidy-system/backend/service/provider_service.go:92.2,93.27 2 1
government-subsidy-system/backend/service/provider_service.go:93.27,95.3 1 1
government-subsidy-system/backend/service/provider_service.go:96.2,99.8 1 1
government-subsidy-system/backend/service/provider_service.go:102.108,104.16 2 1
government-subsidy-system/backend/service/provider_service.go:104.16,106.3 1 0
government-subsidy-system/backend/service/provider_service.go:107.2,108.16 2 1
government-subsidy-system/backend/service/provider_service.go:108.16,110.3 1 0
government-subsidy-system/backend/service/provider_service.go:111.2,115.8 1 1
government-subsidy-system/backend/service/provider_service.go:118.50,119.22 1 1
government-subsidy-system/backend/service/provider_service.go:119.22,121.3 1 1
government-subsidy-system/backend/service/provider_service.go:122.2,122.48 1 1
government-subsidy-system/backend/service/provider_service.go:122.48,124.3 1 1
government-subsidy-system/backend/service/provider_service.go:125.2,125.12 1 1
